<!DOCTYPE html>
<html>
<head>
<meta http-equiv="Content-Type" content="text/html; charset=utf-8"/>
<meta http-equiv="x-ua-compatible" content="IE=edge"/>
<title>Test results - Class com.javiersc.either.network.logger.NetworkEitherLoggerTest</title>
<link href="../css/base-style.css" rel="stylesheet" type="text/css"/>
<link href="../css/style.css" rel="stylesheet" type="text/css"/>
<script src="../js/report.js" type="text/javascript"></script>
</head>
<body>
<div id="content">
<h1>Class com.javiersc.either.network.logger.NetworkEitherLoggerTest</h1>
<div class="breadcrumbs">
<a href="../index.html">all</a> &gt; 
<a href="../packages/com.javiersc.either.network.logger.html">com.javiersc.either.network.logger</a> &gt; NetworkEitherLoggerTest</div>
<div id="summary">
<table>
<tr>
<td>
<div class="summaryGroup">
<table>
<tr>
<td>
<div class="infoBox" id="tests">
<div class="counter">5</div>
<p>tests</p>
</div>
</td>
<td>
<div class="infoBox" id="failures">
<div class="counter">0</div>
<p>failures</p>
</div>
</td>
<td>
<div class="infoBox" id="ignored">
<div class="counter">0</div>
<p>ignored</p>
</div>
</td>
<td>
<div class="infoBox" id="duration">
<div class="counter">2.379s</div>
<p>duration</p>
</div>
</td>
</tr>
</table>
</div>
</td>
<td>
<div class="infoBox success" id="successRate">
<div class="percent">100%</div>
<p>successful</p>
</div>
</td>
</tr>
</table>
</div>
<div id="tabs">
<ul class="tabLinks">
<li>
<a href="#tab0">Tests</a>
</li>
<li>
<a href="#tab1">Standard error</a>
</li>
</ul>
<div id="tab0" class="tab">
<h2>Tests</h2>
<table>
<thead>
<tr>
<th>Test</th>
<th>Method name</th>
<th>Duration</th>
<th>Result</th>
</tr>
</thead>
<tr>
<td class="success">Pretty print Http failure()[jvm]</td>
<td class="success">Pretty print Http failure()</td>
<td class="success">0.137s</td>
<td class="success">passed</td>
</tr>
<tr>
<td class="success">Pretty print Local failure()[jvm]</td>
<td class="success">Pretty print Local failure()</td>
<td class="success">0.056s</td>
<td class="success">passed</td>
</tr>
<tr>
<td class="success">Pretty print Remote failure()[jvm]</td>
<td class="success">Pretty print Remote failure()</td>
<td class="success">1.980s</td>
<td class="success">passed</td>
</tr>
<tr>
<td class="success">Pretty print Success()[jvm]</td>
<td class="success">Pretty print Success()</td>
<td class="success">0.066s</td>
<td class="success">passed</td>
</tr>
<tr>
<td class="success">Pretty print Unknown failure()[jvm]</td>
<td class="success">Pretty print Unknown failure()</td>
<td class="success">0.140s</td>
<td class="success">passed</td>
</tr>
</table>
</div>
<div id="tab1" class="tab">
<h2>Standard error</h2>
<span class="code">
<pre>?[31m ┌───────────────────────────────────────────────────────────────────────────────────────────────────────────────────────────────────────┐ ?[0m
?[31m │ Remote not available test │ Error.(MokokiExtensions.kt:55) │ file MokokiExtensions.kt │ class MokokiExtensionsKt │ fun logE │ line 55 │ ?[0m
?[31m ├───────────────────────────────────────────────────────────────────────────────────────────────────────────────────────────────────────┤ ?[0m
?[31m │ Remote not available                                                                                                                  │ ?[0m
?[31m └───────────────────────────────────────────────────────────────────────────────────────────────────────────────────────────────────────┘ ?[0m
?[31m ┌───────────────────────────────────────────────────────────────────────────────────────────────────────────────────────────────────────┐ ?[0m
?[31m │ Remote not available test │ Error.(MokokiExtensions.kt:55) │ file MokokiExtensions.kt │ class MokokiExtensionsKt │ fun logE │ line 55 │ ?[0m
?[31m ├───────────────────────────────────────────────────────────────────────────────────────────────────────────────────────────────────────┤ ?[0m
?[31m │ Remote not available                                                                                                                  │ ?[0m
?[31m └───────────────────────────────────────────────────────────────────────────────────────────────────────────────────────────────────────┘ ?[0m
?[31m ┌────────────────────────────────────────────────────────────────────────────────────────────────────────────────────────────────────────┐ ?[0m
?[31m │ Error test │ Error.(MokokiSerialization.kt:88) │ file MokokiSerialization.kt │ class MokokiSerialization │ fun serializableE │ line 88 │ ?[0m
?[31m ├────────────────────────────────────────────────────────────────────────────────────────────────────────────────────────────────────────┤ ?[0m
?[31m │ {                                                                                                                                      │ ?[0m
?[31m │     &quot;body&quot;: {                                                                                                                          │ ?[0m
?[31m │         &quot;error&quot;: &quot;:(&quot;                                                                                                                  │ ?[0m
?[31m │     },                                                                                                                                 │ ?[0m
?[31m │     &quot;code&quot;: 404,                                                                                                                       │ ?[0m
?[31m │     &quot;headers&quot;: {                                                                                                                       │ ?[0m
?[31m │         &quot;ContentType&quot;: [                                                                                                               │ ?[0m
?[31m │             &quot;application/json&quot;                                                                                                         │ ?[0m
?[31m │         ]                                                                                                                              │ ?[0m
?[31m │     }                                                                                                                                  │ ?[0m
?[31m │ }                                                                                                                                      │ ?[0m
?[31m └────────────────────────────────────────────────────────────────────────────────────────────────────────────────────────────────────────┘ ?[0m
?[31m ┌────────────────────────────────────────────────────────────────────────────────────────────────────────────────────────────────────────┐ ?[0m
?[31m │ Error test │ Error.(MokokiSerialization.kt:88) │ file MokokiSerialization.kt │ class MokokiSerialization │ fun serializableE │ line 88 │ ?[0m
?[31m ├────────────────────────────────────────────────────────────────────────────────────────────────────────────────────────────────────────┤ ?[0m
?[31m │ {                                                                                                                                      │ ?[0m
?[31m │     &quot;body&quot;: {                                                                                                                          │ ?[0m
?[31m │         &quot;error&quot;: &quot;:(&quot;                                                                                                                  │ ?[0m
?[31m │     },                                                                                                                                 │ ?[0m
?[31m │     &quot;code&quot;: 404,                                                                                                                       │ ?[0m
?[31m │     &quot;headers&quot;: {                                                                                                                       │ ?[0m
?[31m │         &quot;ContentType&quot;: [                                                                                                               │ ?[0m
?[31m │             &quot;application/json&quot;                                                                                                         │ ?[0m
?[31m │         ]                                                                                                                              │ ?[0m
?[31m │     }                                                                                                                                  │ ?[0m
?[31m │ }                                                                                                                                      │ ?[0m
?[31m └────────────────────────────────────────────────────────────────────────────────────────────────────────────────────────────────────────┘ ?[0m
?[32m ┌────────────────────────────────────────────────────────────────────────────────────────────────────────────────────────────────────────────┐ ?[0m
?[32m │ Success test │ Verbose.(MokokiSerialization.kt:40) │ file MokokiSerialization.kt │ class MokokiSerialization │ fun serializableV │ line 40 │ ?[0m
?[32m ├────────────────────────────────────────────────────────────────────────────────────────────────────────────────────────────────────────────┤ ?[0m
?[32m │ {                                                                                                                                          │ ?[0m
?[32m │     &quot;body&quot;: {                                                                                                                              │ ?[0m
?[32m │         &quot;name&quot;: &quot;Auri&quot;                                                                                                                     │ ?[0m
?[32m │     },                                                                                                                                     │ ?[0m
?[32m │     &quot;code&quot;: 200,                                                                                                                           │ ?[0m
?[32m │     &quot;headers&quot;: {                                                                                                                           │ ?[0m
?[32m │         &quot;ContentType&quot;: [                                                                                                                   │ ?[0m
?[32m │             &quot;application/json&quot;                                                                                                             │ ?[0m
?[32m │         ]                                                                                                                                  │ ?[0m
?[32m │     }                                                                                                                                      │ ?[0m
?[32m │ }                                                                                                                                          │ ?[0m
?[32m └────────────────────────────────────────────────────────────────────────────────────────────────────────────────────────────────────────────┘ ?[0m
?[32m ┌────────────────────────────────────────────────────────────────────────────────────────────────────────────────────────────────────────────┐ ?[0m
?[32m │ Success test │ Verbose.(MokokiSerialization.kt:40) │ file MokokiSerialization.kt │ class MokokiSerialization │ fun serializableV │ line 40 │ ?[0m
?[32m ├────────────────────────────────────────────────────────────────────────────────────────────────────────────────────────────────────────────┤ ?[0m
?[32m │ {                                                                                                                                          │ ?[0m
?[32m │     &quot;body&quot;: {                                                                                                                              │ ?[0m
?[32m │         &quot;name&quot;: &quot;Auri&quot;                                                                                                                     │ ?[0m
?[32m │     },                                                                                                                                     │ ?[0m
?[32m │     &quot;code&quot;: 200,                                                                                                                           │ ?[0m
?[32m │     &quot;headers&quot;: {                                                                                                                           │ ?[0m
?[32m │         &quot;ContentType&quot;: [                                                                                                                   │ ?[0m
?[32m │             &quot;application/json&quot;                                                                                                             │ ?[0m
?[32m │         ]                                                                                                                                  │ ?[0m
?[32m │     }                                                                                                                                      │ ?[0m
?[32m │ }                                                                                                                                          │ ?[0m
?[32m └────────────────────────────────────────────────────────────────────────────────────────────────────────────────────────────────────────────┘ ?[0m
?[31m ┌──────────────────────────────────────────────────────────────────────────────────────────────────────────────────────────────────────────────────────────────────────────────────────┐ ?[0m
?[31m │ Unknown error test │ Error.(MokokiExtensions.kt:55) │ file MokokiExtensions.kt │ class MokokiExtensionsKt │ fun logE │ line 55 │ ?[0m
?[31m ├──────────────────────────────────────────────────────────────────────────────────────────────────────────────────────────────────────────────────────────────────────────────────────┤ ?[0m
?[31m │ java.lang.IllegalStateException: Unknown error                                                                                                                                       │ ?[0m
?[31m │ 	at com.javiersc.either.network.logger.NetworkEitherLoggerTest.Pretty print Unknown failure(NetworkEitherLoggerTest.kt:64)                                                           │ ?[0m
?[31m │ 	at java.base/jdk.internal.reflect.NativeMethodAccessorImpl.invoke0(Native Method)                                                                                                   │ ?[0m
?[31m │ 	at java.base/jdk.internal.reflect.NativeMethodAccessorImpl.invoke(NativeMethodAccessorImpl.java:62)                                                                                 │ ?[0m
?[31m │ 	at java.base/jdk.internal.reflect.DelegatingMethodAccessorImpl.invoke(DelegatingMethodAccessorImpl.java:43)                                                                         │ ?[0m
?[31m │ 	at java.base/java.lang.reflect.Method.invoke(Method.java:566)                                                                                                                       │ ?[0m
?[31m │ 	at org.junit.platform.commons.util.ReflectionUtils.invokeMethod(ReflectionUtils.java:686)                                                                                           │ ?[0m
?[31m │ 	at org.junit.jupiter.engine.execution.MethodInvocation.proceed(MethodInvocation.java:60)                                                                                            │ ?[0m
?[31m │ 	at org.junit.jupiter.engine.execution.InvocationInterceptorChain$ValidatingInvocation.proceed(InvocationInterceptorChain.java:131)                                                  │ ?[0m
?[31m │ 	at org.junit.jupiter.engine.extension.TimeoutExtension.intercept(TimeoutExtension.java:149)                                                                                         │ ?[0m
?[31m │ 	at org.junit.jupiter.engine.extension.TimeoutExtension.interceptTestableMethod(TimeoutExtension.java:140)                                                                           │ ?[0m
?[31m │ 	at org.junit.jupiter.engine.extension.TimeoutExtension.interceptTestMethod(TimeoutExtension.java:84)                                                                                │ ?[0m
?[31m │ 	at org.junit.jupiter.engine.execution.ExecutableInvoker$ReflectiveInterceptorCall.lambda$ofVoidMethod$0(ExecutableInvoker.java:115)                                                 │ ?[0m
?[31m │ 	at org.junit.jupiter.engine.execution.ExecutableInvoker.lambda$invoke$0(ExecutableInvoker.java:105)                                                                                 │ ?[0m
?[31m │ 	at org.junit.jupiter.engine.execution.InvocationInterceptorChain$InterceptedInvocation.proceed(InvocationInterceptorChain.java:106)                                                 │ ?[0m
?[31m │ 	at org.junit.jupiter.engine.execution.InvocationInterceptorChain.proceed(InvocationInterceptorChain.java:64)                                                                        │ ?[0m
?[31m │ 	at org.junit.jupiter.engine.execution.InvocationInterceptorChain.chainAndInvoke(InvocationInterceptorChain.java:45)                                                                 │ ?[0m
?[31m │ 	at org.junit.jupiter.engine.execution.InvocationInterceptorChain.invoke(InvocationInterceptorChain.java:37)                                                                         │ ?[0m
?[31m │ 	at org.junit.jupiter.engine.execution.ExecutableInvoker.invoke(ExecutableInvoker.java:104)                                                                                          │ ?[0m
?[31m │ 	at org.junit.jupiter.engine.execution.ExecutableInvoker.invoke(ExecutableInvoker.java:98)                                                                                           │ ?[0m
?[31m │ 	at org.junit.jupiter.engine.descriptor.TestMethodTestDescriptor.lambda$invokeTestMethod$6(TestMethodTestDescriptor.java:205)                                                        │ ?[0m
?[31m │ 	at org.junit.platform.engine.support.hierarchical.ThrowableCollector.execute(ThrowableCollector.java:73)                                                                            │ ?[0m
?[31m │ 	at org.junit.jupiter.engine.descriptor.TestMethodTestDescriptor.invokeTestMethod(TestMethodTestDescriptor.java:201)                                                                 │ ?[0m
?[31m │ 	at org.junit.jupiter.engine.descriptor.TestMethodTestDescriptor.execute(TestMethodTestDescriptor.java:137)                                                                          │ ?[0m
?[31m │ 	at org.junit.jupiter.engine.descriptor.TestMethodTestDescriptor.execute(TestMethodTestDescriptor.java:71)                                                                           │ ?[0m
?[31m │ 	at org.junit.platform.engine.support.hierarchical.NodeTestTask.lambda$executeRecursively$5(NodeTestTask.java:135)                                                                   │ ?[0m
?[31m │ 	at org.junit.platform.engine.support.hierarchical.ThrowableCollector.execute(ThrowableCollector.java:73)                                                                            │ ?[0m
?[31m │ 	at org.junit.platform.engine.support.hierarchical.NodeTestTask.lambda$executeRecursively$7(NodeTestTask.java:125)                                                                   │ ?[0m
?[31m │ 	at org.junit.platform.engine.support.hierarchical.Node.around(Node.java:135)                                                                                                        │ ?[0m
?[31m │ 	at org.junit.platform.engine.support.hierarchical.NodeTestTask.lambda$executeRecursively$8(NodeTestTask.java:123)                                                                   │ ?[0m
?[31m │ 	at org.junit.platform.engine.support.hierarchical.ThrowableCollector.execute(ThrowableCollector.java:73)                                                                            │ ?[0m
?[31m │ 	at org.junit.platform.engine.support.hierarchical.NodeTestTask.executeRecursively(NodeTestTask.java:122)                                                                            │ ?[0m
?[31m │ 	at org.junit.platform.engine.support.hierarchical.NodeTestTask.execute(NodeTestTask.java:80)                                                                                        │ ?[0m
?[31m │ 	at java.base/java.util.ArrayList.forEach(ArrayList.java:1541)                                                                                                                       │ ?[0m
?[31m │ 	at org.junit.platform.engine.support.hierarchical.SameThreadHierarchicalTestExecutorService.invokeAll(SameThreadHierarchicalTestExecutorService.java:38)                            │ ?[0m
?[31m │ 	at org.junit.platform.engine.support.hierarchical.NodeTestTask.lambda$executeRecursively$5(NodeTestTask.java:139)                                                                   │ ?[0m
?[31m │ 	at org.junit.platform.engine.support.hierarchical.ThrowableCollector.execute(ThrowableCollector.java:73)                                                                            │ ?[0m
?[31m │ 	at org.junit.platform.engine.support.hierarchical.NodeTestTask.lambda$executeRecursively$7(NodeTestTask.java:125)                                                                   │ ?[0m
?[31m │ 	at org.junit.platform.engine.support.hierarchical.Node.around(Node.java:135)                                                                                                        │ ?[0m
?[31m │ 	at org.junit.platform.engine.support.hierarchical.NodeTestTask.lambda$executeRecursively$8(NodeTestTask.java:123)                                                                   │ ?[0m
?[31m │ 	at org.junit.platform.engine.support.hierarchical.ThrowableCollector.execute(ThrowableCollector.java:73)                                                                            │ ?[0m
?[31m │ 	at org.junit.platform.engine.support.hierarchical.NodeTestTask.executeRecursively(NodeTestTask.java:122)                                                                            │ ?[0m
?[31m │ 	at org.junit.platform.engine.support.hierarchical.NodeTestTask.execute(NodeTestTask.java:80)                                                                                        │ ?[0m
?[31m │ 	at java.base/java.util.ArrayList.forEach(ArrayList.java:1541)                                                                                                                       │ ?[0m
?[31m │ 	at org.junit.platform.engine.support.hierarchical.SameThreadHierarchicalTestExecutorService.invokeAll(SameThreadHierarchicalTestExecutorService.java:38)                            │ ?[0m
?[31m │ 	at org.junit.platform.engine.support.hierarchical.NodeTestTask.lambda$executeRecursively$5(NodeTestTask.java:139)                                                                   │ ?[0m
?[31m │ 	at org.junit.platform.engine.support.hierarchical.ThrowableCollector.execute(ThrowableCollector.java:73)                                                                            │ ?[0m
?[31m │ 	at org.junit.platform.engine.support.hierarchical.NodeTestTask.lambda$executeRecursively$7(NodeTestTask.java:125)                                                                   │ ?[0m
?[31m │ 	at org.junit.platform.engine.support.hierarchical.Node.around(Node.java:135)                                                                                                        │ ?[0m
?[31m │ 	at org.junit.platform.engine.support.hierarchical.NodeTestTask.lambda$executeRecursively$8(NodeTestTask.java:123)                                                                   │ ?[0m
?[31m │ 	at org.junit.platform.engine.support.hierarchical.ThrowableCollector.execute(ThrowableCollector.java:73)                                                                            │ ?[0m
?[31m │ 	at org.junit.platform.engine.support.hierarchical.NodeTestTask.executeRecursively(NodeTestTask.java:122)                                                                            │ ?[0m
?[31m │ 	at org.junit.platform.engine.support.hierarchical.NodeTestTask.execute(NodeTestTask.java:80)                                                                                        │ ?[0m
?[31m │ 	at org.junit.platform.engine.support.hierarchical.SameThreadHierarchicalTestExecutorService.submit(SameThreadHierarchicalTestExecutorService.java:32)                               │ ?[0m
?[31m │ 	at org.junit.platform.engine.support.hierarchical.HierarchicalTestExecutor.execute(HierarchicalTestExecutor.java:57)                                                                │ ?[0m
?[31m │ 	at org.junit.platform.engine.support.hierarchical.HierarchicalTestEngine.execute(HierarchicalTestEngine.java:51)                                                                    │ ?[0m
?[31m │ 	at org.junit.platform.launcher.core.EngineExecutionOrchestrator.execute(EngineExecutionOrchestrator.java:108)                                                                       │ ?[0m
?[31m │ 	at org.junit.platform.launcher.core.EngineExecutionOrchestrator.execute(EngineExecutionOrchestrator.java:88)                                                                        │ ?[0m
?[31m │ 	at org.junit.platform.launcher.core.EngineExecutionOrchestrator.lambda$execute$0(EngineExecutionOrchestrator.java:54)                                                               │ ?[0m
?[31m │ 	at org.junit.platform.launcher.core.EngineExecutionOrchestrator.withInterceptedStreams(EngineExecutionOrchestrator.java:67)                                                         │ ?[0m
?[31m │ 	at org.junit.platform.launcher.core.EngineExecutionOrchestrator.execute(EngineExecutionOrchestrator.java:52)                                                                        │ ?[0m
?[31m │ 	at org.junit.platform.launcher.core.DefaultLauncher.execute(DefaultLauncher.java:96)                                                                                                │ ?[0m
?[31m │ 	at org.junit.platform.launcher.core.DefaultLauncher.execute(DefaultLauncher.java:75)                                                                                                │ ?[0m
?[31m │ 	at org.gradle.api.internal.tasks.testing.junitplatform.JUnitPlatformTestClassProcessor$CollectAllTestClassesExecutor.processAllTestClasses(JUnitPlatformTestClassProcessor.java:99) │ ?[0m
?[31m │ 	at org.gradle.api.internal.tasks.testing.junitplatform.JUnitPlatformTestClassProcessor$CollectAllTestClassesExecutor.access$000(JUnitPlatformTestClassProcessor.java:79)            │ ?[0m
?[31m │ 	at org.gradle.api.internal.tasks.testing.junitplatform.JUnitPlatformTestClassProcessor.stop(JUnitPlatformTestClassProcessor.java:75)                                                │ ?[0m
?[31m │ 	at org.gradle.api.internal.tasks.testing.SuiteTestClassProcessor.stop(SuiteTestClassProcessor.java:61)                                                                              │ ?[0m
?[31m │ 	at java.base/jdk.internal.reflect.NativeMethodAccessorImpl.invoke0(Native Method)                                                                                                   │ ?[0m
?[31m │ 	at java.base/jdk.internal.reflect.NativeMethodAccessorImpl.invoke(NativeMethodAccessorImpl.java:62)                                                                                 │ ?[0m
?[31m │ 	at java.base/jdk.internal.reflect.DelegatingMethodAccessorImpl.invoke(DelegatingMethodAccessorImpl.java:43)                                                                         │ ?[0m
?[31m │ 	at java.base/java.lang.reflect.Method.invoke(Method.java:566)                                                                                                                       │ ?[0m
?[31m │ 	at org.gradle.internal.dispatch.ReflectionDispatch.dispatch(ReflectionDispatch.java:36)                                                                                             │ ?[0m
?[31m │ 	at org.gradle.internal.dispatch.ReflectionDispatch.dispatch(ReflectionDispatch.java:24)                                                                                             │ ?[0m
?[31m │ 	at org.gradle.internal.dispatch.ContextClassLoaderDispatch.dispatch(ContextClassLoaderDispatch.java:33)                                                                             │ ?[0m
?[31m │ 	at org.gradle.internal.dispatch.ProxyDispatchAdapter$DispatchingInvocationHandler.invoke(ProxyDispatchAdapter.java:94)                                                              │ ?[0m
?[31m │ 	at com.sun.proxy.$Proxy2.stop(Unknown Source)                                                                                                                                       │ ?[0m
?[31m │ 	at org.gradle.api.internal.tasks.testing.worker.TestWorker$3.run(TestWorker.java:193)                                                                                               │ ?[0m
?[31m │ 	at org.gradle.api.internal.tasks.testing.worker.TestWorker.executeAndMaintainThreadName(TestWorker.java:129)                                                                        │ ?[0m
?[31m │ 	at org.gradle.api.internal.tasks.testing.worker.TestWorker.execute(TestWorker.java:100)                                                                                             │ ?[0m
?[31m │ 	at org.gradle.api.internal.tasks.testing.worker.TestWorker.execute(TestWorker.java:60)                                                                                              │ ?[0m
?[31m │ 	at org.gradle.process.internal.worker.child.ActionExecutionWorker.execute(ActionExecutionWorker.java:56)                                                                            │ ?[0m
?[31m │ 	at org.gradle.process.internal.worker.child.SystemApplicationClassLoaderWorker.call(SystemApplicationClassLoaderWorker.java:133)                                                    │ ?[0m
?[31m │ 	at org.gradle.process.internal.worker.child.SystemApplicationClassLoaderWorker.call(SystemApplicationClassLoaderWorker.java:71)                                                     │ ?[0m
?[31m │ 	at worker.org.gradle.process.internal.worker.GradleWorkerMain.run(GradleWorkerMain.java:69)                                                                                         │ ?[0m
?[31m │ 	at worker.org.gradle.process.internal.worker.GradleWorkerMain.main(GradleWorkerMain.java:74)                                                                                        │ ?[0m
?[31m │                                                                                                                                                                                      │ ?[0m
?[31m └──────────────────────────────────────────────────────────────────────────────────────────────────────────────────────────────────────────────────────────────────────────────────────┘ ?[0m
?[31m ┌──────────────────────────────────────────────────────────────────────────────────────────────────────────────────────────────────────────────────────────────────────────────────────┐ ?[0m
?[31m │ Unknown error test │ Error.(MokokiExtensions.kt:55) │ file MokokiExtensions.kt │ class MokokiExtensionsKt │ fun logE │ line 55 │ ?[0m
?[31m ├──────────────────────────────────────────────────────────────────────────────────────────────────────────────────────────────────────────────────────────────────────────────────────┤ ?[0m
?[31m │ java.lang.IllegalStateException: Unknown error                                                                                                                                       │ ?[0m
?[31m │ 	at com.javiersc.either.network.logger.NetworkEitherLoggerTest.Pretty print Unknown failure(NetworkEitherLoggerTest.kt:64)                                                           │ ?[0m
?[31m │ 	at java.base/jdk.internal.reflect.NativeMethodAccessorImpl.invoke0(Native Method)                                                                                                   │ ?[0m
?[31m │ 	at java.base/jdk.internal.reflect.NativeMethodAccessorImpl.invoke(NativeMethodAccessorImpl.java:62)                                                                                 │ ?[0m
?[31m │ 	at java.base/jdk.internal.reflect.DelegatingMethodAccessorImpl.invoke(DelegatingMethodAccessorImpl.java:43)                                                                         │ ?[0m
?[31m │ 	at java.base/java.lang.reflect.Method.invoke(Method.java:566)                                                                                                                       │ ?[0m
?[31m │ 	at org.junit.platform.commons.util.ReflectionUtils.invokeMethod(ReflectionUtils.java:686)                                                                                           │ ?[0m
?[31m │ 	at org.junit.jupiter.engine.execution.MethodInvocation.proceed(MethodInvocation.java:60)                                                                                            │ ?[0m
?[31m │ 	at org.junit.jupiter.engine.execution.InvocationInterceptorChain$ValidatingInvocation.proceed(InvocationInterceptorChain.java:131)                                                  │ ?[0m
?[31m │ 	at org.junit.jupiter.engine.extension.TimeoutExtension.intercept(TimeoutExtension.java:149)                                                                                         │ ?[0m
?[31m │ 	at org.junit.jupiter.engine.extension.TimeoutExtension.interceptTestableMethod(TimeoutExtension.java:140)                                                                           │ ?[0m
?[31m │ 	at org.junit.jupiter.engine.extension.TimeoutExtension.interceptTestMethod(TimeoutExtension.java:84)                                                                                │ ?[0m
?[31m │ 	at org.junit.jupiter.engine.execution.ExecutableInvoker$ReflectiveInterceptorCall.lambda$ofVoidMethod$0(ExecutableInvoker.java:115)                                                 │ ?[0m
?[31m │ 	at org.junit.jupiter.engine.execution.ExecutableInvoker.lambda$invoke$0(ExecutableInvoker.java:105)                                                                                 │ ?[0m
?[31m │ 	at org.junit.jupiter.engine.execution.InvocationInterceptorChain$InterceptedInvocation.proceed(InvocationInterceptorChain.java:106)                                                 │ ?[0m
?[31m │ 	at org.junit.jupiter.engine.execution.InvocationInterceptorChain.proceed(InvocationInterceptorChain.java:64)                                                                        │ ?[0m
?[31m │ 	at org.junit.jupiter.engine.execution.InvocationInterceptorChain.chainAndInvoke(InvocationInterceptorChain.java:45)                                                                 │ ?[0m
?[31m │ 	at org.junit.jupiter.engine.execution.InvocationInterceptorChain.invoke(InvocationInterceptorChain.java:37)                                                                         │ ?[0m
?[31m │ 	at org.junit.jupiter.engine.execution.ExecutableInvoker.invoke(ExecutableInvoker.java:104)                                                                                          │ ?[0m
?[31m │ 	at org.junit.jupiter.engine.execution.ExecutableInvoker.invoke(ExecutableInvoker.java:98)                                                                                           │ ?[0m
?[31m │ 	at org.junit.jupiter.engine.descriptor.TestMethodTestDescriptor.lambda$invokeTestMethod$6(TestMethodTestDescriptor.java:205)                                                        │ ?[0m
?[31m │ 	at org.junit.platform.engine.support.hierarchical.ThrowableCollector.execute(ThrowableCollector.java:73)                                                                            │ ?[0m
?[31m │ 	at org.junit.jupiter.engine.descriptor.TestMethodTestDescriptor.invokeTestMethod(TestMethodTestDescriptor.java:201)                                                                 │ ?[0m
?[31m │ 	at org.junit.jupiter.engine.descriptor.TestMethodTestDescriptor.execute(TestMethodTestDescriptor.java:137)                                                                          │ ?[0m
?[31m │ 	at org.junit.jupiter.engine.descriptor.TestMethodTestDescriptor.execute(TestMethodTestDescriptor.java:71)                                                                           │ ?[0m
?[31m │ 	at org.junit.platform.engine.support.hierarchical.NodeTestTask.lambda$executeRecursively$5(NodeTestTask.java:135)                                                                   │ ?[0m
?[31m │ 	at org.junit.platform.engine.support.hierarchical.ThrowableCollector.execute(ThrowableCollector.java:73)                                                                            │ ?[0m
?[31m │ 	at org.junit.platform.engine.support.hierarchical.NodeTestTask.lambda$executeRecursively$7(NodeTestTask.java:125)                                                                   │ ?[0m
?[31m │ 	at org.junit.platform.engine.support.hierarchical.Node.around(Node.java:135)                                                                                                        │ ?[0m
?[31m │ 	at org.junit.platform.engine.support.hierarchical.NodeTestTask.lambda$executeRecursively$8(NodeTestTask.java:123)                                                                   │ ?[0m
?[31m │ 	at org.junit.platform.engine.support.hierarchical.ThrowableCollector.execute(ThrowableCollector.java:73)                                                                            │ ?[0m
?[31m │ 	at org.junit.platform.engine.support.hierarchical.NodeTestTask.executeRecursively(NodeTestTask.java:122)                                                                            │ ?[0m
?[31m │ 	at org.junit.platform.engine.support.hierarchical.NodeTestTask.execute(NodeTestTask.java:80)                                                                                        │ ?[0m
?[31m │ 	at java.base/java.util.ArrayList.forEach(ArrayList.java:1541)                                                                                                                       │ ?[0m
?[31m │ 	at org.junit.platform.engine.support.hierarchical.SameThreadHierarchicalTestExecutorService.invokeAll(SameThreadHierarchicalTestExecutorService.java:38)                            │ ?[0m
?[31m │ 	at org.junit.platform.engine.support.hierarchical.NodeTestTask.lambda$executeRecursively$5(NodeTestTask.java:139)                                                                   │ ?[0m
?[31m │ 	at org.junit.platform.engine.support.hierarchical.ThrowableCollector.execute(ThrowableCollector.java:73)                                                                            │ ?[0m
?[31m │ 	at org.junit.platform.engine.support.hierarchical.NodeTestTask.lambda$executeRecursively$7(NodeTestTask.java:125)                                                                   │ ?[0m
?[31m │ 	at org.junit.platform.engine.support.hierarchical.Node.around(Node.java:135)                                                                                                        │ ?[0m
?[31m │ 	at org.junit.platform.engine.support.hierarchical.NodeTestTask.lambda$executeRecursively$8(NodeTestTask.java:123)                                                                   │ ?[0m
?[31m │ 	at org.junit.platform.engine.support.hierarchical.ThrowableCollector.execute(ThrowableCollector.java:73)                                                                            │ ?[0m
?[31m │ 	at org.junit.platform.engine.support.hierarchical.NodeTestTask.executeRecursively(NodeTestTask.java:122)                                                                            │ ?[0m
?[31m │ 	at org.junit.platform.engine.support.hierarchical.NodeTestTask.execute(NodeTestTask.java:80)                                                                                        │ ?[0m
?[31m │ 	at java.base/java.util.ArrayList.forEach(ArrayList.java:1541)                                                                                                                       │ ?[0m
?[31m │ 	at org.junit.platform.engine.support.hierarchical.SameThreadHierarchicalTestExecutorService.invokeAll(SameThreadHierarchicalTestExecutorService.java:38)                            │ ?[0m
?[31m │ 	at org.junit.platform.engine.support.hierarchical.NodeTestTask.lambda$executeRecursively$5(NodeTestTask.java:139)                                                                   │ ?[0m
?[31m │ 	at org.junit.platform.engine.support.hierarchical.ThrowableCollector.execute(ThrowableCollector.java:73)                                                                            │ ?[0m
?[31m │ 	at org.junit.platform.engine.support.hierarchical.NodeTestTask.lambda$executeRecursively$7(NodeTestTask.java:125)                                                                   │ ?[0m
?[31m │ 	at org.junit.platform.engine.support.hierarchical.Node.around(Node.java:135)                                                                                                        │ ?[0m
?[31m │ 	at org.junit.platform.engine.support.hierarchical.NodeTestTask.lambda$executeRecursively$8(NodeTestTask.java:123)                                                                   │ ?[0m
?[31m │ 	at org.junit.platform.engine.support.hierarchical.ThrowableCollector.execute(ThrowableCollector.java:73)                                                                            │ ?[0m
?[31m │ 	at org.junit.platform.engine.support.hierarchical.NodeTestTask.executeRecursively(NodeTestTask.java:122)                                                                            │ ?[0m
?[31m │ 	at org.junit.platform.engine.support.hierarchical.NodeTestTask.execute(NodeTestTask.java:80)                                                                                        │ ?[0m
?[31m │ 	at org.junit.platform.engine.support.hierarchical.SameThreadHierarchicalTestExecutorService.submit(SameThreadHierarchicalTestExecutorService.java:32)                               │ ?[0m
?[31m │ 	at org.junit.platform.engine.support.hierarchical.HierarchicalTestExecutor.execute(HierarchicalTestExecutor.java:57)                                                                │ ?[0m
?[31m │ 	at org.junit.platform.engine.support.hierarchical.HierarchicalTestEngine.execute(HierarchicalTestEngine.java:51)                                                                    │ ?[0m
?[31m │ 	at org.junit.platform.launcher.core.EngineExecutionOrchestrator.execute(EngineExecutionOrchestrator.java:108)                                                                       │ ?[0m
?[31m │ 	at org.junit.platform.launcher.core.EngineExecutionOrchestrator.execute(EngineExecutionOrchestrator.java:88)                                                                        │ ?[0m
?[31m │ 	at org.junit.platform.launcher.core.EngineExecutionOrchestrator.lambda$execute$0(EngineExecutionOrchestrator.java:54)                                                               │ ?[0m
?[31m │ 	at org.junit.platform.launcher.core.EngineExecutionOrchestrator.withInterceptedStreams(EngineExecutionOrchestrator.java:67)                                                         │ ?[0m
?[31m │ 	at org.junit.platform.launcher.core.EngineExecutionOrchestrator.execute(EngineExecutionOrchestrator.java:52)                                                                        │ ?[0m
?[31m │ 	at org.junit.platform.launcher.core.DefaultLauncher.execute(DefaultLauncher.java:96)                                                                                                │ ?[0m
?[31m │ 	at org.junit.platform.launcher.core.DefaultLauncher.execute(DefaultLauncher.java:75)                                                                                                │ ?[0m
?[31m │ 	at org.gradle.api.internal.tasks.testing.junitplatform.JUnitPlatformTestClassProcessor$CollectAllTestClassesExecutor.processAllTestClasses(JUnitPlatformTestClassProcessor.java:99) │ ?[0m
?[31m │ 	at org.gradle.api.internal.tasks.testing.junitplatform.JUnitPlatformTestClassProcessor$CollectAllTestClassesExecutor.access$000(JUnitPlatformTestClassProcessor.java:79)            │ ?[0m
?[31m │ 	at org.gradle.api.internal.tasks.testing.junitplatform.JUnitPlatformTestClassProcessor.stop(JUnitPlatformTestClassProcessor.java:75)                                                │ ?[0m
?[31m │ 	at org.gradle.api.internal.tasks.testing.SuiteTestClassProcessor.stop(SuiteTestClassProcessor.java:61)                                                                              │ ?[0m
?[31m │ 	at java.base/jdk.internal.reflect.NativeMethodAccessorImpl.invoke0(Native Method)                                                                                                   │ ?[0m
?[31m │ 	at java.base/jdk.internal.reflect.NativeMethodAccessorImpl.invoke(NativeMethodAccessorImpl.java:62)                                                                                 │ ?[0m
?[31m │ 	at java.base/jdk.internal.reflect.DelegatingMethodAccessorImpl.invoke(DelegatingMethodAccessorImpl.java:43)                                                                         │ ?[0m
?[31m │ 	at java.base/java.lang.reflect.Method.invoke(Method.java:566)                                                                                                                       │ ?[0m
?[31m │ 	at org.gradle.internal.dispatch.ReflectionDispatch.dispatch(ReflectionDispatch.java:36)                                                                                             │ ?[0m
?[31m │ 	at org.gradle.internal.dispatch.ReflectionDispatch.dispatch(ReflectionDispatch.java:24)                                                                                             │ ?[0m
?[31m │ 	at org.gradle.internal.dispatch.ContextClassLoaderDispatch.dispatch(ContextClassLoaderDispatch.java:33)                                                                             │ ?[0m
?[31m │ 	at org.gradle.internal.dispatch.ProxyDispatchAdapter$DispatchingInvocationHandler.invoke(ProxyDispatchAdapter.java:94)                                                              │ ?[0m
?[31m │ 	at com.sun.proxy.$Proxy2.stop(Unknown Source)                                                                                                                                       │ ?[0m
?[31m │ 	at org.gradle.api.internal.tasks.testing.worker.TestWorker$3.run(TestWorker.java:193)                                                                                               │ ?[0m
?[31m │ 	at org.gradle.api.internal.tasks.testing.worker.TestWorker.executeAndMaintainThreadName(TestWorker.java:129)                                                                        │ ?[0m
?[31m │ 	at org.gradle.api.internal.tasks.testing.worker.TestWorker.execute(TestWorker.java:100)                                                                                             │ ?[0m
?[31m │ 	at org.gradle.api.internal.tasks.testing.worker.TestWorker.execute(TestWorker.java:60)                                                                                              │ ?[0m
?[31m │ 	at org.gradle.process.internal.worker.child.ActionExecutionWorker.execute(ActionExecutionWorker.java:56)                                                                            │ ?[0m
?[31m │ 	at org.gradle.process.internal.worker.child.SystemApplicationClassLoaderWorker.call(SystemApplicationClassLoaderWorker.java:133)                                                    │ ?[0m
?[31m │ 	at org.gradle.process.internal.worker.child.SystemApplicationClassLoaderWorker.call(SystemApplicationClassLoaderWorker.java:71)                                                     │ ?[0m
?[31m │ 	at worker.org.gradle.process.internal.worker.GradleWorkerMain.run(GradleWorkerMain.java:69)                                                                                         │ ?[0m
?[31m │ 	at worker.org.gradle.process.internal.worker.GradleWorkerMain.main(GradleWorkerMain.java:74)                                                                                        │ ?[0m
?[31m │                                                                                                                                                                                      │ ?[0m
?[31m └──────────────────────────────────────────────────────────────────────────────────────────────────────────────────────────────────────────────────────────────────────────────────────┘ ?[0m
?[31m ┌─────────────────────────────────────────────────────────────────────────────────────────────────────────────────────────────────────────┐ ?[0m
?[31m │ Internet not available test │ Error.(MokokiExtensions.kt:55) │ file MokokiExtensions.kt │ class MokokiExtensionsKt │ fun logE │ line 55 │ ?[0m
?[31m ├─────────────────────────────────────────────────────────────────────────────────────────────────────────────────────────────────────────┤ ?[0m
?[31m │ Internet not available                                                                                                                  │ ?[0m
?[31m └─────────────────────────────────────────────────────────────────────────────────────────────────────────────────────────────────────────┘ ?[0m
?[31m ┌─────────────────────────────────────────────────────────────────────────────────────────────────────────────────────────────────────────┐ ?[0m
?[31m │ Internet not available test │ Error.(MokokiExtensions.kt:55) │ file MokokiExtensions.kt │ class MokokiExtensionsKt │ fun logE │ line 55 │ ?[0m
?[31m ├─────────────────────────────────────────────────────────────────────────────────────────────────────────────────────────────────────────┤ ?[0m
?[31m │ Internet not available                                                                                                                  │ ?[0m
?[31m └─────────────────────────────────────────────────────────────────────────────────────────────────────────────────────────────────────────┘ ?[0m
</pre>
</span>
</div>
</div>
<div id="footer">
<p>
<div>
<label class="hidden" id="label-for-line-wrapping-toggle" for="line-wrapping-toggle">Wrap lines
<input id="line-wrapping-toggle" type="checkbox" autocomplete="off"/>
</label>
</div>Generated by 
<a href="http://www.gradle.org">Gradle 7.3.3</a> at Jan 4, 2022, 12:04:37 AM</p>
</div>
</div>
</body>
</html>
